Build started 18/08/2015 23:06:04.
     1>Project "C:\Users\usuario\Desktop\Autorama\PlayLib_2010.vcxproj" on node 2 (build target(s)).
     1>InitializeBuildStatus:
         Creating "Debug\PlayLib_2010.unsuccessfulbuild" because "AlwaysCreate" was specified.
       ClCompile:
         C:\Program Files (x86)\Microsoft Visual Studio 10.0\VC\bin\CL.exe /c /ZI /nologo /W3 /WX- /Od /Oy- /D WIN32 /D _DEBUG /D _CONSOLE /D _UNICODE /D UNICODE /Gm /EHsc /RTC1 /MDd /GS /fp:precise /Zc:wchar_t /Zc:forScope /Fo"Debug\\" /Fd"Debug\vc100.pdb" /Gd /TP /analyze- /errorReport:prompt Main.cpp
         Main.cpp
     1>c:\users\usuario\desktop\autorama\variables.h(59): warning C4305: 'initializing' : truncation from 'double' to 'float'
     1>c:\users\usuario\desktop\autorama\variables.h(60): warning C4305: 'initializing' : truncation from 'double' to 'float'
     1>c:\users\usuario\desktop\autorama\variables.h(108): warning C4305: '=' : truncation from 'double' to 'float'
     1>c:\users\usuario\desktop\autorama\variables.h(127): warning C4305: '=' : truncation from 'double' to 'float'
     1>c:\users\usuario\desktop\autorama\corefunctions.h(548): warning C4305: '=' : truncation from 'double' to 'float'
     1>c:\users\usuario\desktop\autorama\corefunctions.h(549): warning C4305: '=' : truncation from 'double' to 'float'
     1>c:\users\usuario\desktop\autorama\corefunctions.h(577): warning C4305: '=' : truncation from 'double' to 'float'
     1>c:\users\usuario\desktop\autorama\corefunctions.h(578): warning C4305: '=' : truncation from 'double' to 'float'
     1>c:\users\usuario\desktop\autorama\mainfunctions.h(14): warning C4305: '+=' : truncation from 'double' to 'float'
     1>c:\users\usuario\desktop\autorama\mainfunctions.h(15): warning C4244: 'initializing' : conversion from 'double' to 'float', possible loss of data
     1>c:\users\usuario\desktop\autorama\mainfunctions.h(99): warning C4244: 'return' : conversion from 'double' to 'float', possible loss of data
     1>c:\users\usuario\desktop\autorama\mainfunctions.h(104): warning C4244: 'return' : conversion from 'double' to 'float', possible loss of data
     1>c:\users\usuario\desktop\autorama\mainfunctions.h(106): warning C4244: 'return' : conversion from 'double' to 'float', possible loss of data
     1>c:\users\usuario\desktop\autorama\mainfunctions.h(134): warning C4244: 'return' : conversion from 'double' to 'float', possible loss of data
     1>c:\users\usuario\desktop\autorama\mainfunctions.h(143): warning C4244: 'return' : conversion from 'double' to 'float', possible loss of data
     1>c:\users\usuario\desktop\autorama\mainfunctions.h(201): warning C4244: 'initializing' : conversion from 'float' to 'int', possible loss of data
     1>c:\users\usuario\desktop\autorama\mainfunctions.h(202): warning C4244: 'initializing' : conversion from 'float' to 'int', possible loss of data
     1>c:\users\usuario\desktop\autorama\mainfunctions.h(203): warning C4244: 'argument' : conversion from 'int' to 'float', possible loss of data
     1>c:\users\usuario\desktop\autorama\mainfunctions.h(203): warning C4244: 'argument' : conversion from 'int' to 'float', possible loss of data
     1>c:\users\usuario\desktop\autorama\mainfunctions.h(204): warning C4244: 'argument' : conversion from 'float' to 'int', possible loss of data
     1>c:\users\usuario\desktop\autorama\mainfunctions.h(204): warning C4244: 'argument' : conversion from 'float' to 'int', possible loss of data
     1>c:\users\usuario\desktop\autorama\mainfunctions.h(211): warning C4244: 'initializing' : conversion from 'float' to 'int', possible loss of data
     1>c:\users\usuario\desktop\autorama\mainfunctions.h(212): warning C4244: 'initializing' : conversion from 'float' to 'int', possible loss of data
     1>c:\users\usuario\desktop\autorama\mainfunctions.h(213): warning C4244: 'argument' : conversion from 'int' to 'float', possible loss of data
     1>c:\users\usuario\desktop\autorama\mainfunctions.h(213): warning C4244: 'argument' : conversion from 'int' to 'float', possible loss of data
     1>c:\users\usuario\desktop\autorama\mainfunctions.h(214): warning C4244: 'argument' : conversion from 'float' to 'int', possible loss of data
     1>c:\users\usuario\desktop\autorama\mainfunctions.h(214): warning C4244: 'argument' : conversion from 'float' to 'int', possible loss of data
     1>c:\users\usuario\desktop\autorama\mainfunctions.h(239): warning C4244: 'argument' : conversion from 'float' to 'int', possible loss of data
     1>c:\users\usuario\desktop\autorama\mainfunctions.h(239): warning C4244: 'argument' : conversion from 'float' to 'int', possible loss of data
     1>c:\users\usuario\desktop\autorama\mainfunctions.h(241): warning C4244: 'argument' : conversion from 'float' to 'int', possible loss of data
     1>c:\users\usuario\desktop\autorama\mainfunctions.h(241): warning C4244: 'argument' : conversion from 'float' to 'int', possible loss of data
     1>c:\users\usuario\desktop\autorama\mainfunctions.h(244): warning C4244: 'initializing' : conversion from 'double' to 'float', possible loss of data
     1>c:\users\usuario\desktop\autorama\mainfunctions.h(283): warning C4244: '=' : conversion from 'double' to 'float', possible loss of data
     1>c:\users\usuario\desktop\autorama\mainfunctions.h(315): warning C4244: '-=' : conversion from 'double' to 'float', possible loss of data
     1>c:\users\usuario\desktop\autorama\mainfunctions.h(355): warning C4244: '+=' : conversion from 'double' to 'float', possible loss of data
     1>c:\users\usuario\desktop\autorama\mainfunctions.h(357): warning C4244: '-=' : conversion from 'double' to 'float', possible loss of data
     1>c:\users\usuario\desktop\autorama\mainfunctions.h(364): warning C4244: '-=' : conversion from 'double' to 'float', possible loss of data
     1>c:\users\usuario\desktop\autorama\mainfunctions.h(366): warning C4244: '+=' : conversion from 'double' to 'float', possible loss of data
     1>c:\users\usuario\desktop\autorama\mainfunctions.h(396): warning C4244: '-=' : conversion from 'double' to 'float', possible loss of data
     1>c:\users\usuario\desktop\autorama\mainfunctions.h(435): warning C4244: '+=' : conversion from 'double' to 'float', possible loss of data
     1>c:\users\usuario\desktop\autorama\mainfunctions.h(437): warning C4244: '-=' : conversion from 'double' to 'float', possible loss of data
     1>c:\users\usuario\desktop\autorama\mainfunctions.h(442): warning C4244: '-=' : conversion from 'double' to 'float', possible loss of data
     1>c:\users\usuario\desktop\autorama\mainfunctions.h(444): warning C4244: '+=' : conversion from 'double' to 'float', possible loss of data
     1>c:\users\usuario\desktop\autorama\mainfunctions.h(457): warning C4305: 'initializing' : truncation from 'double' to 'float'
     1>c:\users\usuario\desktop\autorama\mainfunctions.h(458): warning C4305: 'initializing' : truncation from 'double' to 'float'
     1>c:\users\usuario\desktop\autorama\mainfunctions.h(486): warning C4244: 'argument' : conversion from 'double' to 'int', possible loss of data
     1>c:\users\usuario\desktop\autorama\mainfunctions.h(486): warning C4244: 'argument' : conversion from 'double' to 'int', possible loss of data
     1>c:\users\usuario\desktop\autorama\mainfunctions.h(486): warning C4244: 'argument' : conversion from 'float' to 'int', possible loss of data
     1>c:\users\usuario\desktop\autorama\mainfunctions.h(486): warning C4244: 'argument' : conversion from 'float' to 'int', possible loss of data
     1>c:\users\usuario\desktop\autorama\mainfunctions.h(496): warning C4244: 'argument' : conversion from 'double' to 'int', possible loss of data
     1>c:\users\usuario\desktop\autorama\mainfunctions.h(496): warning C4244: 'argument' : conversion from 'double' to 'int', possible loss of data
     1>c:\users\usuario\desktop\autorama\mainfunctions.h(496): warning C4244: 'argument' : conversion from 'float' to 'int', possible loss of data
     1>c:\users\usuario\desktop\autorama\mainfunctions.h(496): warning C4244: 'argument' : conversion from 'float' to 'int', possible loss of data
     1>c:\users\usuario\desktop\autorama\mainfunctions.h(500): warning C4244: 'argument' : conversion from 'double' to 'int', possible loss of data
     1>c:\users\usuario\desktop\autorama\mainfunctions.h(500): warning C4244: 'argument' : conversion from 'double' to 'int', possible loss of data
     1>c:\users\usuario\desktop\autorama\mainfunctions.h(500): warning C4244: 'argument' : conversion from 'float' to 'int', possible loss of data
     1>c:\users\usuario\desktop\autorama\mainfunctions.h(500): warning C4244: 'argument' : conversion from 'float' to 'int', possible loss of data
     1>c:\users\usuario\desktop\autorama\mainfunctions.h(508): warning C4244: 'argument' : conversion from 'double' to 'float', possible loss of data
     1>c:\users\usuario\desktop\autorama\mainfunctions.h(509): warning C4244: 'argument' : conversion from 'float' to 'int', possible loss of data
     1>c:\users\usuario\desktop\autorama\mainfunctions.h(509): warning C4244: 'argument' : conversion from 'float' to 'int', possible loss of data
     1>c:\users\usuario\desktop\autorama\mainfunctions.h(514): warning C4244: 'argument' : conversion from 'double' to 'float', possible loss of data
     1>c:\users\usuario\desktop\autorama\mainfunctions.h(533): warning C4244: 'initializing' : conversion from 'double' to 'int', possible loss of data
       ManifestResourceCompile:
         All outputs are up-to-date.
       Link:
         C:\Program Files (x86)\Microsoft Visual Studio 10.0\VC\bin\link.exe /ERRORREPORT:PROMPT /OUT:"C:\Users\usuario\Desktop\Autorama\Debug\PlayLib_2010.exe" /INCREMENTAL /NOLOGO PlayLibd.lib kernel32.lib user32.lib gdi32.lib winspool.lib comdlg32.lib advapi32.lib shell32.lib ole32.lib oleaut32.lib uuid.lib odbc32.lib odbccp32.lib /MANIFEST /ManifestFile:"Debug\PlayLib_2010.exe.intermediate.manifest" /MANIFESTUAC:"level='asInvoker' uiAccess='false'" /DEBUG /PDB:"C:\Users\usuario\Desktop\Autorama\Debug\PlayLib_2010.pdb" /SUBSYSTEM:CONSOLE /TLBID:1 /DYNAMICBASE /NXCOMPAT /IMPLIB:"C:\Users\usuario\Desktop\Autorama\Debug\PlayLib_2010.lib" /MACHINE:X86 Debug\PlayLib_2010.exe.embed.manifest.res
         Debug\ColGen.obj
         Debug\Main.obj
         PlayLib.lib
         PlayLibd.lib
     1>PlayLibd.lib(Audio.obj) : warning LNK4204: 'C:\Users\usuario\Desktop\Autorama\Debug\vc100.pdb' is missing debugging information for referencing module; linking object as if no debug info
     1>PlayLibd.lib(Graphics.obj) : warning LNK4204: 'C:\Users\usuario\Desktop\Autorama\Debug\vc100.pdb' is missing debugging information for referencing module; linking object as if no debug info
     1>PlayLibd.lib(stb_image.obj) : warning LNK4204: 'C:\Users\usuario\Desktop\Autorama\Debug\vc100.pdb' is missing debugging information for referencing module; linking object as if no debug info
       Manifest:
         C:\Program Files (x86)\Microsoft SDKs\Windows\v7.0A\bin\mt.exe /nologo /verbose /out:"Debug\PlayLib_2010.exe.embed.manifest" /manifest Debug\PlayLib_2010.exe.intermediate.manifest
         All outputs are up-to-date.
       LinkEmbedManifest:
         All outputs are up-to-date.
         PlayLib_2010.vcxproj -> C:\Users\usuario\Desktop\Autorama\Debug\PlayLib_2010.exe
       FinalizeBuildStatus:
         Deleting file "Debug\PlayLib_2010.unsuccessfulbuild".
         Touching "Debug\PlayLib_2010.lastbuildstate".
     1>Done Building Project "C:\Users\usuario\Desktop\Autorama\PlayLib_2010.vcxproj" (build target(s)).

Build succeeded.

Time Elapsed 00:00:02.21
